[0.010s] Invoking command in '/home/srivatsan/ogmen_ws/build/bot_description': CMAKE_PREFIX_PATH=${CMAKE_PREFIX_PATH}:/opt/ros/jazzy DEBUGINFOD_URLS=https://debuginfod.ubuntu.com /usr/bin/cmake --build /home/srivatsan/ogmen_ws/build/bot_description -- -j22 -l22
[0.049s] Invoked command in '/home/srivatsan/ogmen_ws/build/bot_description' returned '0': CMAKE_PREFIX_PATH=${CMAKE_PREFIX_PATH}:/opt/ros/jazzy DEBUGINFOD_URLS=https://debuginfod.ubuntu.com /usr/bin/cmake --build /home/srivatsan/ogmen_ws/build/bot_description -- -j22 -l22
[0.054s] Invoking command in '/home/srivatsan/ogmen_ws/build/bot_description': CMAKE_PREFIX_PATH=${CMAKE_PREFIX_PATH}:/opt/ros/jazzy DEBUGINFOD_URLS=https://debuginfod.ubuntu.com /usr/bin/cmake --install /home/srivatsan/ogmen_ws/build/bot_description
[0.060s] -- Install configuration: ""
[0.060s] -- Up-to-date: /home/srivatsan/ogmen_ws/install/bot_description/share/bot_description/launch
[0.060s] -- Up-to-date: /home/srivatsan/ogmen_ws/install/bot_description/share/bot_description/launch/control.launch.py
[0.061s] -- Installing: /home/srivatsan/ogmen_ws/install/bot_description/share/bot_description/launch/rviz.launch.py
[0.061s] -- Up-to-date: /home/srivatsan/ogmen_ws/install/bot_description/share/bot_description/launch/spawn.launch.py
[0.061s] -- Up-to-date: /home/srivatsan/ogmen_ws/install/bot_description/share/bot_description/urdf
[0.061s] -- Up-to-date: /home/srivatsan/ogmen_ws/install/bot_description/share/bot_description/urdf/robot.urdf.xacro
[0.061s] -- Up-to-date: /home/srivatsan/ogmen_ws/install/bot_description/share/ament_index/resource_index/package_run_dependencies/bot_description
[0.061s] -- Up-to-date: /home/srivatsan/ogmen_ws/install/bot_description/share/ament_index/resource_index/parent_prefix_path/bot_description
[0.061s] -- Up-to-date: /home/srivatsan/ogmen_ws/install/bot_description/share/bot_description/environment/ament_prefix_path.sh
[0.061s] -- Up-to-date: /home/srivatsan/ogmen_ws/install/bot_description/share/bot_description/environment/ament_prefix_path.dsv
[0.061s] -- Up-to-date: /home/srivatsan/ogmen_ws/install/bot_description/share/bot_description/environment/path.sh
[0.061s] -- Up-to-date: /home/srivatsan/ogmen_ws/install/bot_description/share/bot_description/environment/path.dsv
[0.061s] -- Up-to-date: /home/srivatsan/ogmen_ws/install/bot_description/share/bot_description/local_setup.bash
[0.062s] -- Up-to-date: /home/srivatsan/ogmen_ws/install/bot_description/share/bot_description/local_setup.sh
[0.062s] -- Up-to-date: /home/srivatsan/ogmen_ws/install/bot_description/share/bot_description/local_setup.zsh
[0.062s] -- Up-to-date: /home/srivatsan/ogmen_ws/install/bot_description/share/bot_description/local_setup.dsv
[0.062s] -- Installing: /home/srivatsan/ogmen_ws/install/bot_description/share/bot_description/package.dsv
[0.062s] -- Up-to-date: /home/srivatsan/ogmen_ws/install/bot_description/share/ament_index/resource_index/packages/bot_description
[0.063s] -- Up-to-date: /home/srivatsan/ogmen_ws/install/bot_description/share/bot_description/cmake/bot_descriptionConfig.cmake
[0.063s] -- Up-to-date: /home/srivatsan/ogmen_ws/install/bot_description/share/bot_description/cmake/bot_descriptionConfig-version.cmake
[0.063s] -- Up-to-date: /home/srivatsan/ogmen_ws/install/bot_description/share/bot_description/package.xml
[0.064s] Invoked command in '/home/srivatsan/ogmen_ws/build/bot_description' returned '0': CMAKE_PREFIX_PATH=${CMAKE_PREFIX_PATH}:/opt/ros/jazzy DEBUGINFOD_URLS=https://debuginfod.ubuntu.com /usr/bin/cmake --install /home/srivatsan/ogmen_ws/build/bot_description
