-- The C compiler identification is GNU 13.3.0
-- The CXX compiler identification is GNU 13.3.0
-- Detecting C compiler ABI info
-- Detecting C compiler ABI info - done
-- Check for working C compiler: /usr/bin/cc - skipped
-- Detecting C compile features
-- Detecting C compile features - done
-- Detecting CXX compiler ABI info
-- Detecting CXX compiler ABI info - done
-- Check for working CXX compiler: /usr/bin/c++ - skipped
-- Detecting CXX compile features
-- Detecting CXX compile features - done
-- Found ament_cmake: 2.5.3 (/opt/ros/jazzy/share/ament_cmake/cmake)
-- Found Python3: /usr/bin/python3 (found version "3.12.3") found components: Interpreter 
-- Found xacro: 2.0.13 (/opt/ros/jazzy/share/xacro/cmake)
-- Found ros_gz_sim: 1.0.11 (/opt/ros/jazzy/share/ros_gz_sim/cmake)
-- Found rosidl_generator_c: 4.6.5 (/opt/ros/jazzy/share/rosidl_generator_c/cmake)
-- Found rosidl_generator_cpp: 4.6.5 (/opt/ros/jazzy/share/rosidl_generator_cpp/cmake)
-- Using all available rosidl_typesupport_c: rosidl_typesupport_fastrtps_c;rosidl_typesupport_introspection_c
-- Using all available rosidl_typesupport_cpp: rosidl_typesupport_fastrtps_cpp;rosidl_typesupport_introspection_cpp
-- Found rmw_implementation_cmake: 7.3.1 (/opt/ros/jazzy/share/rmw_implementation_cmake/cmake)
-- Found rmw_fastrtps_cpp: 8.4.1 (/opt/ros/jazzy/share/rmw_fastrtps_cpp/cmake)
-- Found OpenSSL: /usr/lib/x86_64-linux-gnu/libcrypto.so (found version "3.0.13")  
-- Found FastRTPS: /opt/ros/jazzy/include (Required is at least version "2.13") 
-- Using RMW implementation 'rmw_fastrtps_cpp' as default
-- Found robot_state_publisher: 3.3.3 (/opt/ros/jazzy/share/robot_state_publisher/cmake)
-- Found controller_manager: 4.27.0 (/opt/ros/jazzy/share/controller_manager/cmake)
-- Found joint_state_broadcaster: 4.22.0 (/opt/ros/jazzy/share/joint_state_broadcaster/cmake)
-- Found diff_drive_controller: 4.22.0 (/opt/ros/jazzy/share/diff_drive_controller/cmake)
-- Configuring done (1.2s)
-- Generating done (0.0s)
-- Build files have been written to: /home/srivatsan/ogmen_ws/build/bot_description
-- Install configuration: ""
-- Installing: /home/srivatsan/ogmen_ws/install/bot_description/share/bot_description/launch
-- Installing: /home/srivatsan/ogmen_ws/install/bot_description/share/bot_description/launch/control.launch.py
-- Installing: /home/srivatsan/ogmen_ws/install/bot_description/share/bot_description/launch/rviz.launch.py
-- Installing: /home/srivatsan/ogmen_ws/install/bot_description/share/bot_description/launch/spawn.launch.py
-- Installing: /home/srivatsan/ogmen_ws/install/bot_description/share/bot_description/urdf
-- Installing: /home/srivatsan/ogmen_ws/install/bot_description/share/bot_description/urdf/common_properties.xacro
-- Installing: /home/srivatsan/ogmen_ws/install/bot_description/share/bot_description/urdf/mobile_base.xacro
-- Installing: /home/srivatsan/ogmen_ws/install/bot_description/share/bot_description/urdf/robot.xacro
-- Installing: /home/srivatsan/ogmen_ws/install/bot_description/share/ament_index/resource_index/package_run_dependencies/bot_description
-- Installing: /home/srivatsan/ogmen_ws/install/bot_description/share/ament_index/resource_index/parent_prefix_path/bot_description
-- Installing: /home/srivatsan/ogmen_ws/install/bot_description/share/bot_description/environment/ament_prefix_path.sh
-- Installing: /home/srivatsan/ogmen_ws/install/bot_description/share/bot_description/environment/ament_prefix_path.dsv
-- Installing: /home/srivatsan/ogmen_ws/install/bot_description/share/bot_description/environment/path.sh
-- Installing: /home/srivatsan/ogmen_ws/install/bot_description/share/bot_description/environment/path.dsv
-- Installing: /home/srivatsan/ogmen_ws/install/bot_description/share/bot_description/local_setup.bash
-- Installing: /home/srivatsan/ogmen_ws/install/bot_description/share/bot_description/local_setup.sh
-- Installing: /home/srivatsan/ogmen_ws/install/bot_description/share/bot_description/local_setup.zsh
-- Installing: /home/srivatsan/ogmen_ws/install/bot_description/share/bot_description/local_setup.dsv
-- Installing: /home/srivatsan/ogmen_ws/install/bot_description/share/bot_description/package.dsv
-- Installing: /home/srivatsan/ogmen_ws/install/bot_description/share/ament_index/resource_index/packages/bot_description
-- Installing: /home/srivatsan/ogmen_ws/install/bot_description/share/bot_description/cmake/bot_descriptionConfig.cmake
-- Installing: /home/srivatsan/ogmen_ws/install/bot_description/share/bot_description/cmake/bot_descriptionConfig-version.cmake
-- Installing: /home/srivatsan/ogmen_ws/install/bot_description/share/bot_description/package.xml
