[0.009s] Invoking command in '/home/srivatsan/ogmen_ws/build/bot_description': CMAKE_PREFIX_PATH=${CMAKE_PREFIX_PATH}:/opt/ros/jazzy DEBUGINFOD_URLS=https://debuginfod.ubuntu.com /usr/bin/cmake /home/srivatsan/ogmen_ws/src/bot_description -DCMAKE_INSTALL_PREFIX=/home/srivatsan/ogmen_ws/install/bot_description
[0.051s] -- The C compiler identification is GNU 13.3.0
[0.091s] -- The CXX compiler identification is GNU 13.3.0
[0.107s] -- Detecting C compiler ABI info
[0.190s] -- Detecting C compiler ABI info - done
[0.195s] -- Check for working C compiler: /usr/bin/cc - skipped
[0.195s] -- Detecting C compile features
[0.196s] -- Detecting C compile features - done
[0.203s] -- Detecting CXX compiler ABI info
[0.281s] -- Detecting CXX compiler ABI info - done
[0.287s] -- Check for working CXX compiler: /usr/bin/c++ - skipped
[0.287s] -- Detecting CXX compile features
[0.287s] -- Detecting CXX compile features - done
[0.289s] -- Found ament_cmake: 2.5.3 (/opt/ros/jazzy/share/ament_cmake/cmake)
[0.381s] -- Found Python3: /usr/bin/python3 (found version "3.12.3") found components: Interpreter 
[0.463s] -- Found xacro: 2.0.13 (/opt/ros/jazzy/share/xacro/cmake)
[0.465s] -- Found ros_gz_sim: 1.0.11 (/opt/ros/jazzy/share/ros_gz_sim/cmake)
[0.492s] -- Found rosidl_generator_c: 4.6.5 (/opt/ros/jazzy/share/rosidl_generator_c/cmake)
[0.500s] -- Found rosidl_generator_cpp: 4.6.5 (/opt/ros/jazzy/share/rosidl_generator_cpp/cmake)
[0.515s] -- Using all available rosidl_typesupport_c: rosidl_typesupport_fastrtps_c;rosidl_typesupport_introspection_c
[0.526s] -- Using all available rosidl_typesupport_cpp: rosidl_typesupport_fastrtps_cpp;rosidl_typesupport_introspection_cpp
[0.573s] -- Found rmw_implementation_cmake: 7.3.1 (/opt/ros/jazzy/share/rmw_implementation_cmake/cmake)
[0.575s] -- Found rmw_fastrtps_cpp: 8.4.1 (/opt/ros/jazzy/share/rmw_fastrtps_cpp/cmake)
[0.670s] -- Found OpenSSL: /usr/lib/x86_64-linux-gnu/libcrypto.so (found version "3.0.13")  
[0.689s] -- Found FastRTPS: /opt/ros/jazzy/include (Required is at least version "2.13") 
[0.705s] -- Using RMW implementation 'rmw_fastrtps_cpp' as default
[0.751s] -- Found robot_state_publisher: 3.3.3 (/opt/ros/jazzy/share/robot_state_publisher/cmake)
[0.884s] -- Found controller_manager: 4.27.0 (/opt/ros/jazzy/share/controller_manager/cmake)
[1.110s] -- Found joint_state_broadcaster: 4.22.0 (/opt/ros/jazzy/share/joint_state_broadcaster/cmake)
[1.119s] -- Found diff_drive_controller: 4.22.0 (/opt/ros/jazzy/share/diff_drive_controller/cmake)
[1.219s] -- Configuring done (1.2s)
[1.223s] -- Generating done (0.0s)
[1.225s] -- Build files have been written to: /home/srivatsan/ogmen_ws/build/bot_description
[1.234s] Invoked command in '/home/srivatsan/ogmen_ws/build/bot_description' returned '0': CMAKE_PREFIX_PATH=${CMAKE_PREFIX_PATH}:/opt/ros/jazzy DEBUGINFOD_URLS=https://debuginfod.ubuntu.com /usr/bin/cmake /home/srivatsan/ogmen_ws/src/bot_description -DCMAKE_INSTALL_PREFIX=/home/srivatsan/ogmen_ws/install/bot_description
[1.236s] Invoking command in '/home/srivatsan/ogmen_ws/build/bot_description': CMAKE_PREFIX_PATH=${CMAKE_PREFIX_PATH}:/opt/ros/jazzy DEBUGINFOD_URLS=https://debuginfod.ubuntu.com /usr/bin/cmake --build /home/srivatsan/ogmen_ws/build/bot_description -- -j22 -l22
[1.271s] Invoked command in '/home/srivatsan/ogmen_ws/build/bot_description' returned '0': CMAKE_PREFIX_PATH=${CMAKE_PREFIX_PATH}:/opt/ros/jazzy DEBUGINFOD_URLS=https://debuginfod.ubuntu.com /usr/bin/cmake --build /home/srivatsan/ogmen_ws/build/bot_description -- -j22 -l22
[1.277s] Invoking command in '/home/srivatsan/ogmen_ws/build/bot_description': CMAKE_PREFIX_PATH=${CMAKE_PREFIX_PATH}:/opt/ros/jazzy DEBUGINFOD_URLS=https://debuginfod.ubuntu.com /usr/bin/cmake --install /home/srivatsan/ogmen_ws/build/bot_description
[1.281s] -- Install configuration: ""
[1.282s] -- Installing: /home/srivatsan/ogmen_ws/install/bot_description/share/bot_description/launch
[1.282s] -- Installing: /home/srivatsan/ogmen_ws/install/bot_description/share/bot_description/launch/control.launch.py
[1.282s] -- Installing: /home/srivatsan/ogmen_ws/install/bot_description/share/bot_description/launch/rviz.launch.py
[1.282s] -- Installing: /home/srivatsan/ogmen_ws/install/bot_description/share/bot_description/launch/spawn.launch.py
[1.282s] -- Installing: /home/srivatsan/ogmen_ws/install/bot_description/share/bot_description/urdf
[1.282s] -- Installing: /home/srivatsan/ogmen_ws/install/bot_description/share/bot_description/urdf/common_properties.xacro
[1.282s] -- Installing: /home/srivatsan/ogmen_ws/install/bot_description/share/bot_description/urdf/mobile_base.xacro
[1.282s] -- Installing: /home/srivatsan/ogmen_ws/install/bot_description/share/bot_description/urdf/robot.xacro
[1.282s] -- Installing: /home/srivatsan/ogmen_ws/install/bot_description/share/ament_index/resource_index/package_run_dependencies/bot_description
[1.282s] -- Installing: /home/srivatsan/ogmen_ws/install/bot_description/share/ament_index/resource_index/parent_prefix_path/bot_description
[1.282s] -- Installing: /home/srivatsan/ogmen_ws/install/bot_description/share/bot_description/environment/ament_prefix_path.sh
[1.282s] -- Installing: /home/srivatsan/ogmen_ws/install/bot_description/share/bot_description/environment/ament_prefix_path.dsv
[1.283s] -- Installing: /home/srivatsan/ogmen_ws/install/bot_description/share/bot_description/environment/path.sh
[1.283s] -- Installing: /home/srivatsan/ogmen_ws/install/bot_description/share/bot_description/environment/path.dsv
[1.283s] -- Installing: /home/srivatsan/ogmen_ws/install/bot_description/share/bot_description/local_setup.bash
[1.283s] -- Installing: /home/srivatsan/ogmen_ws/install/bot_description/share/bot_description/local_setup.sh
[1.283s] -- Installing: /home/srivatsan/ogmen_ws/install/bot_description/share/bot_description/local_setup.zsh
[1.283s] -- Installing: /home/srivatsan/ogmen_ws/install/bot_description/share/bot_description/local_setup.dsv
[1.283s] -- Installing: /home/srivatsan/ogmen_ws/install/bot_description/share/bot_description/package.dsv
[1.283s] -- Installing: /home/srivatsan/ogmen_ws/install/bot_description/share/ament_index/resource_index/packages/bot_description
[1.283s] -- Installing: /home/srivatsan/ogmen_ws/install/bot_description/share/bot_description/cmake/bot_descriptionConfig.cmake
[1.283s] -- Installing: /home/srivatsan/ogmen_ws/install/bot_description/share/bot_description/cmake/bot_descriptionConfig-version.cmake
[1.283s] -- Installing: /home/srivatsan/ogmen_ws/install/bot_description/share/bot_description/package.xml
[1.284s] Invoked command in '/home/srivatsan/ogmen_ws/build/bot_description' returned '0': CMAKE_PREFIX_PATH=${CMAKE_PREFIX_PATH}:/opt/ros/jazzy DEBUGINFOD_URLS=https://debuginfod.ubuntu.com /usr/bin/cmake --install /home/srivatsan/ogmen_ws/build/bot_description
