[0.012s] Invoking command in '/home/srivatsan/ogmen_ws/build/bot_description': CMAKE_PREFIX_PATH=${CMAKE_PREFIX_PATH}:/opt/ros/jazzy DEBUGINFOD_URLS=https://debuginfod.ubuntu.com /usr/bin/cmake /home/srivatsan/ogmen_ws/src/bot_description -DCMAKE_INSTALL_PREFIX=/home/srivatsan/ogmen_ws/install/bot_description
[0.061s] -- The C compiler identification is GNU 13.3.0
[0.100s] -- The CXX compiler identification is GNU 13.3.0
[0.114s] -- Detecting C compiler ABI info
[0.181s] -- Detecting C compiler ABI info - done
[0.187s] -- Check for working C compiler: /usr/bin/cc - skipped
[0.187s] -- Detecting C compile features
[0.187s] -- Detecting C compile features - done
[0.194s] -- Detecting CXX compiler ABI info
[0.273s] -- Detecting CXX compiler ABI info - done
[0.280s] -- Check for working CXX compiler: /usr/bin/c++ - skipped
[0.280s] -- Detecting CXX compile features
[0.280s] -- Detecting CXX compile features - done
[0.282s] -- Found ament_cmake: 2.5.3 (/opt/ros/jazzy/share/ament_cmake/cmake)
[0.378s] -- Found Python3: /usr/bin/python3 (found version "3.12.3") found components: Interpreter 
[0.447s] -- Found xacro: 2.0.13 (/opt/ros/jazzy/share/xacro/cmake)
[0.448s] -- Found ros_gz_sim: 1.0.11 (/opt/ros/jazzy/share/ros_gz_sim/cmake)
[0.476s] -- Found rosidl_generator_c: 4.6.5 (/opt/ros/jazzy/share/rosidl_generator_c/cmake)
[0.484s] -- Found rosidl_generator_cpp: 4.6.5 (/opt/ros/jazzy/share/rosidl_generator_cpp/cmake)
[0.493s] -- Using all available rosidl_typesupport_c: rosidl_typesupport_fastrtps_c;rosidl_typesupport_introspection_c
[0.504s] -- Using all available rosidl_typesupport_cpp: rosidl_typesupport_fastrtps_cpp;rosidl_typesupport_introspection_cpp
[0.550s] -- Found rmw_implementation_cmake: 7.3.1 (/opt/ros/jazzy/share/rmw_implementation_cmake/cmake)
[0.551s] -- Found rmw_fastrtps_cpp: 8.4.1 (/opt/ros/jazzy/share/rmw_fastrtps_cpp/cmake)
[0.638s] -- Found OpenSSL: /usr/lib/x86_64-linux-gnu/libcrypto.so (found version "3.0.13")  
[0.654s] -- Found FastRTPS: /opt/ros/jazzy/include (Required is at least version "2.13") 
[0.672s] -- Using RMW implementation 'rmw_fastrtps_cpp' as default
[0.716s] -- Found robot_state_publisher: 3.3.3 (/opt/ros/jazzy/share/robot_state_publisher/cmake)
[0.850s] -- Found controller_manager: 4.27.0 (/opt/ros/jazzy/share/controller_manager/cmake)
[1.069s] -- Found joint_state_broadcaster: 4.22.0 (/opt/ros/jazzy/share/joint_state_broadcaster/cmake)
[1.078s] -- Found diff_drive_controller: 4.22.0 (/opt/ros/jazzy/share/diff_drive_controller/cmake)
[1.179s] -- Configuring done (1.2s)
[1.182s] -- Generating done (0.0s)
[1.184s] -- Build files have been written to: /home/srivatsan/ogmen_ws/build/bot_description
[1.194s] Invoked command in '/home/srivatsan/ogmen_ws/build/bot_description' returned '0': CMAKE_PREFIX_PATH=${CMAKE_PREFIX_PATH}:/opt/ros/jazzy DEBUGINFOD_URLS=https://debuginfod.ubuntu.com /usr/bin/cmake /home/srivatsan/ogmen_ws/src/bot_description -DCMAKE_INSTALL_PREFIX=/home/srivatsan/ogmen_ws/install/bot_description
[1.197s] Invoking command in '/home/srivatsan/ogmen_ws/build/bot_description': CMAKE_PREFIX_PATH=${CMAKE_PREFIX_PATH}:/opt/ros/jazzy DEBUGINFOD_URLS=https://debuginfod.ubuntu.com /usr/bin/cmake --build /home/srivatsan/ogmen_ws/build/bot_description -- -j22 -l22
[1.237s] Invoked command in '/home/srivatsan/ogmen_ws/build/bot_description' returned '0': CMAKE_PREFIX_PATH=${CMAKE_PREFIX_PATH}:/opt/ros/jazzy DEBUGINFOD_URLS=https://debuginfod.ubuntu.com /usr/bin/cmake --build /home/srivatsan/ogmen_ws/build/bot_description -- -j22 -l22
[1.246s] Invoking command in '/home/srivatsan/ogmen_ws/build/bot_description': CMAKE_PREFIX_PATH=${CMAKE_PREFIX_PATH}:/opt/ros/jazzy DEBUGINFOD_URLS=https://debuginfod.ubuntu.com /usr/bin/cmake --install /home/srivatsan/ogmen_ws/build/bot_description
[1.255s] -- Install configuration: ""
[1.255s] -- Installing: /home/srivatsan/ogmen_ws/install/bot_description/share/bot_description/launch
[1.255s] -- Installing: /home/srivatsan/ogmen_ws/install/bot_description/share/bot_description/launch/control.launch.py
[1.255s] -- Installing: /home/srivatsan/ogmen_ws/install/bot_description/share/bot_description/launch/rviz.launch.py
[1.255s] -- Installing: /home/srivatsan/ogmen_ws/install/bot_description/share/bot_description/launch/spawn.launch.py
[1.256s] -- Installing: /home/srivatsan/ogmen_ws/install/bot_description/share/bot_description/urdf
[1.256s] -- Installing: /home/srivatsan/ogmen_ws/install/bot_description/share/bot_description/urdf/robot.xacro
[1.256s] -- Installing: /home/srivatsan/ogmen_ws/install/bot_description/share/ament_index/resource_index/package_run_dependencies/bot_description
[1.256s] -- Installing: /home/srivatsan/ogmen_ws/install/bot_description/share/ament_index/resource_index/parent_prefix_path/bot_description
[1.256s] -- Installing: /home/srivatsan/ogmen_ws/install/bot_description/share/bot_description/environment/ament_prefix_path.sh
[1.256s] -- Installing: /home/srivatsan/ogmen_ws/install/bot_description/share/bot_description/environment/ament_prefix_path.dsv
[1.256s] -- Installing: /home/srivatsan/ogmen_ws/install/bot_description/share/bot_description/environment/path.sh
[1.256s] -- Installing: /home/srivatsan/ogmen_ws/install/bot_description/share/bot_description/environment/path.dsv
[1.256s] -- Installing: /home/srivatsan/ogmen_ws/install/bot_description/share/bot_description/local_setup.bash
[1.256s] -- Installing: /home/srivatsan/ogmen_ws/install/bot_description/share/bot_description/local_setup.sh
[1.256s] -- Installing: /home/srivatsan/ogmen_ws/install/bot_description/share/bot_description/local_setup.zsh
[1.256s] -- Installing: /home/srivatsan/ogmen_ws/install/bot_description/share/bot_description/local_setup.dsv
[1.257s] -- Installing: /home/srivatsan/ogmen_ws/install/bot_description/share/bot_description/package.dsv
[1.257s] -- Installing: /home/srivatsan/ogmen_ws/install/bot_description/share/ament_index/resource_index/packages/bot_description
[1.257s] -- Installing: /home/srivatsan/ogmen_ws/install/bot_description/share/bot_description/cmake/bot_descriptionConfig.cmake
[1.257s] -- Installing: /home/srivatsan/ogmen_ws/install/bot_description/share/bot_description/cmake/bot_descriptionConfig-version.cmake
[1.257s] -- Installing: /home/srivatsan/ogmen_ws/install/bot_description/share/bot_description/package.xml
[1.258s] Invoked command in '/home/srivatsan/ogmen_ws/build/bot_description' returned '0': CMAKE_PREFIX_PATH=${CMAKE_PREFIX_PATH}:/opt/ros/jazzy DEBUGINFOD_URLS=https://debuginfod.ubuntu.com /usr/bin/cmake --install /home/srivatsan/ogmen_ws/build/bot_description
